sudo apt autoremove
$SHELL
echo $SHELL
echo "hello world"
echo $HOST
echo $USER
echo ´date´
echo `date`
echo "worl\
is mine"
exit
pwd
cat ect\os-release
ect\os-release
ls
cd
cd books
cd ..
cd books
cd -
cd books
cd -
cd ~
ll
printenv
ls
ll
ls - lrt
cd ~
cd
cd data
cd shell
cat Text_example.txt
cat - n
cat -n Text_example.txt
pwd
cat ..\\

cat ~/pp.txt
cat ../../pp.txt
cat ../../
echo $PWD
echo \$PWD
CD
cd
cd ~
ls -a
man ls
ls -1
man ls
ls -l
mkdir one
mkdir this and that
mkdir one/two/three
ls
ls -1
mkdir -p one/two/three
ls one
ls two
rm -rf this
ls -1
pwd
cd
first_dir
mkdir first_dir
touch text_file.txt
ls -1
rm -rf text_file.txt
ls -1
cd ./
cd ./first_dir
touch text_file.txt
ls -1
../
cd../
cd ~
cat ~/.history > 20210422.log
