sudo apt autoremove
$SHELL
echo $SHELL
echo "hello world"
echo $HOST
echo $USER
echo ´date´
echo `date`
echo "worl\
is mine"
exit
pwd
cat ect\os-release
ect\os-release
ls
cd
cd books
cd ..
cd books
cd -
cd books
cd -
cd ~
ll
printenv
ls
ll
ls - lrt
cd ~
cd
cd data
cd shell
cat Text_example.txt
cat - n
cat -n Text_example.txt
pwd
cat ..\\

cat ~/pp.txt
cat ../../pp.txt
cat ../../
echo $PWD
echo \$PWD
CD
cd
cd ~
ls -a
man ls
ls -1
man ls
ls -l
mkdir one
mkdir this and that
mkdir one/two/three
ls
ls -1
mkdir -p one/two/three
ls one
ls two
rm -rf this
ls -1
pwd
cd
first_dir
mkdir first_dir
touch text_file.txt
ls -1
rm -rf text_file.txt
ls -1
cd ./
cd ./first_dir
touch text_file.txt
ls -1
../
cd../
cd ~
cat ~/.history > 20210422.log
cat 20210422.log
exit
history
cd
ls
cd ./first_dir
mkdir sub1
mkdir sub2
mkdir text_file
cp -i text_file.txt sub1
mv -i text_file.txt.2 sub2 
mv -i text_file.txt sub2 mv -i text_file.txt.2
mv -i text_file.txt text_file.txt.2
man mv
mv -f text_file.txt.2 sub2
mv sub1 mkdir sub3
cp -r sub1 mkdir sub3
mkdir sub3
cp -r sub1 sub3
mv -f sub2/text_file.txt.2 sub2/text_file.txt.backup
man mv
ls
mv sub2/text_file.txt.backup first_dir .text_file.txt.backup
cp /sub2
pwd
cd ./sub2
mv -f text_file.txt.backup first_dir 
mv -f first_dir text_file.txt.backup
cd ./
cd ../
cd sub2
mv -f text_file.txt.backup ../.text_file.txt.backup
cd../
cd ../
ls
ls -a
rm -rf sub2
ls -alt
man ls
ls -alX
ls -a1
man cat
cat ~/.history > 20210423log
mv -f 20210423log ../
ls
exit
history
mkdir terminal_log
mv -f ./20210422.log terminal_log
mv -f ./20210423log terminal_log
./terminal_log
cd ./terminal_log
ls
../
cd../
cd ../
cat terminal_log/.history > 20210424.log 
mv 20210424.log terminal_log
./terminal_log
cd ./terminal_log
rm -rf 20210424.log
cd ./
cd ../
cat ~/.history > 20210424.log
mv -f ./20210424.log
mv -f ./20210424.log terminal_log
exit
rm -rf first_dir
mkdir first_dir
touch first_dir/text_file.txt
mkdir -p first_dir/sub1/sub2/text_file
rm -rf sub1
ls -lrt first_dir
first_directory
cd
/home/dsc/first_dir
ls -lrt 
cd first_dir
rm -rf sub1
mkdir sub1
mkdir sub2
mkdir text_file
cp text_file.txt sub1
mv text_file.txt sub2/text_file.txt.2
cp -r sub1 sub3
sub2
/sub2
cd ./sub2
mv text_file.txt.2 text_file.txt.backup
mv text_file.txt.backup /first_dir/.text_file.txt.backup
mv ./text_file.txt.backup -/.text_file.txt.backup
mv ./text_file.txt.backup -.text_file.txt.backup
mv -f text_file.txt.backup ../.text_file.txt.backup
../
cd ../
ls -a
ll -a
cd
cat ~/.history > ~/terminal_log/20210425.log
cd terminal_log
ll -a
cd
cat ~/.history > ~/terminal_log/20210425.log
exit
cd first_dir
rm -rf sub2
cat ~/.history > ~/terminal_log/20210425.log
cd
ll -a
cd
/teminal_log
./terminal_log
cd
/ter
cd
./terminal_log
./that
./books
cd
ll
pwd
cd terminal_log
ll-a
ll -a
exit
cd ~
git config --global user.name "Paula Cervilla"
git config --global user.email "paulacervillagarcia@gmail.com"
cat .gitconfig
mkdir git
cd git
git clone https://github.com/PaulaCervilla/shell_class.git
cd shell_class
ll
cat README.md
clear
touch first_file.txt
git add first_file.txt
git diff
git status
git commit -m "adding new file"
gedit first_file.txt
echo "this is my line"
echo "this is my line" >> first_file.txt
cat first_file.txt
git add first_file.txt
git commit -m "adding line"
git push -u origin main
git status
git remote -v
git remote show origin
history
cat ~/.history > ~/terminal_log/20210427.log
exit
history
cd ~/git/shell_class
cp ~/terminal_log/ ~/git/shell_class
cp -r ~/terminal_log/ ~/git/shell_class
git add terminal_log/
git commit terminal_log/
git push -u origin main
cd
cat ~/.history > ~/terminal_log/2021042.log
rm -rf terminal_log/2021042.log
cat ~/.history > ~/terminal_log/20210428.log
exit
git clone https://github.com/PaulaCervilla/KSchool-DS-DreamTeamGanador.git
~/git
cd KSchool-DS-DreamTeamGanador
~/data/opentraveldata
ls -lS ~/data/opentraveldata
ls -lrS ~/data/opentraveldata |tail -n 1 
history
echo " ls -lrS ~/data/opentraveldata |tail -n 1" > 001.sh
bash 001.sh > 001.out
git add 001.out 001.sh
git commit -m "Primer ejercicio"
git push -u origin main
cd ~/data/shell
-
cd -
cat ~/data/shell/Finn.txt|head -n 5 | wc -l
cat ~/data/shell/Finn.txt|head -n 5 | wc -w
head -n 5 ~/data/shell/Finn.txt
head -n 5 ~/data/shell/Finn.txt | wc -w
echo "head -n 5 ~/data/shell/Finn.txt | wc -w\

echo "head -n 5 ~/data/shell/Finn.txt | wc -w\
" > 002.sh
bash 002.sh > 002.out
git add 002.out 002.sh
git commit -m "Segundo ejercicio"
git push -u origin main
git status
git show-branch
git pull
git show-branch
git pull
git checkout Paula\'s-branch
~
cd ~
cat ~/.history > ~/terminal_log/20210428.log
exit
echo good morning
cat .gitconfig
cd 
cp terminal_log/20210428.log ./git/shell_class/terminal_log
git status
git clone https://github.com/PaulaCervilla/shell_class.git
cd shell_class
./terminal_log
~/terminal_log
cp -r ~/terminal_log/ ~/git/shell_class
git add terminal_log/
git commit -m "adding the history log"
git push -u origin main
lll
ll
git add terminal_log/20210428.log
cd
~/git/shell_class/terminal_log
cd ~/git/shell_class/terminal_log
ll
git add 20210428.log
git commit -m "adding another day history log"
git push -u origin main
cd
rm -rf shell_class
cat ~/.history > ~/terminal_log/20210429.log
exit
history 0
exit
python
which python
ipython
mkdir Intro_Python
cd Intro_Python
wget "https://kschool.myopenlms.net/pluginfile.php/7432/mod_resource/content/1/1_Jupyter.ipynb"
wget "https://kschool.myopenlms.net/pluginfile.php/7433/mod_resource/content/1/1_Jupyter.ipynb"
ll
jupyter notebook
cat ~/.history > ~/terminal_log/20210429.log
exit
history
history 0
history - n 5
history - 5
history 0 |grep "python"
history 200 201
history 100 250
cat ~/.history > terminal_log/20210430.log
exit
history 0
cd Intro_Python
wget "https://kschool.myopenlms.net/pluginfile.php/7434/mod_resource/content/1/3_Strings.ipynb"
ll
jupyter notebook
cd
cd Intro_Python
jupyter notebook
cd
exit
cd Intro_Python
jupyter notebook
cd
exit
jupyter notebook
cd
ls -l /var/crash 
sudo rm /var/crash/*
ls -l /var/crash 
cd
exit
cd Intro_Python
jupyter notebook
cd
exit
cd
cd KSchool-DS-DreamTeamGanador
git status
git branch
cd /home/dsc/data/shell
cd KSchool-DS-DreamTeamGanador
cd
cd KSchool-DS-DreamTeamGanador
git remote -v
head -n 3~/data/shell/Text_example.txt
head -n 3 ~/data/shell/Text_example.txt
wc -l|head -n 3 ~/data/shell/Text_example.txt
head -n 3|wc -l ~/data/shell/Text_example.txt
head -n 3|wc -l| ~/data/shell/Text_example.txt
head -n 3 ~/data/shell/Text_example.txt|wc -l
 ~/data/shell/Text_example.txt|wc -l|head -n 3
head -n 3 ~/data/shell/Text_example.txt|wc
 ~/data/shell/Text_example.txt|wc
head -n 3 ~/data/shell/Text_example.txt
wc -l|head -n 3 ~/data/shell/Text_example.txt
cat head -n 3 ~/data/shell/Text_example.txt
cat ~/data/shell/Text_example.txt|head -n 3|wc -l
cat ~/data/shell/Text_example.txt|head -n 3 | wc -l
head -n 3/data/shell/Text_example.txt | wc -l
head -n 3 ~/data/shell/Text_example.txt | wc -l
cat -n ~/data/shell/Text_example.txt|head -n 3
echo "cat -n ~/data/shell/Text_example.txt|head -n 3" >> 003.sh
bash 003.sh > 003.out
cat -n ~/data/shell/Text_example.txt
echo "cat -n ~/data/shell/Text_example.txt" > 004.sh 
bash 004.sh > 004.out
user
whoami
man date
date -d
mand date
man date
date
touch 005.sh
vim 005.sh
vim 005.sh #
echo "#
echo "#> 005.sh
echo user: $(whoami) date: $(date)
echo user: $(whoami) date: $(date) >> 005.sh
cat 005.sh
echo "# > 005.sh
rm - rf 005.sh
(echo "#, echo "$whoami $date")
(echo "#, echo "$whoami $date")>005.sh
(echo "#, echo "$whoami $date")>005.sh\

echo '#!/bin/bash' > $1
echo "$whoami" "$date" >005.sh
echo user: $(whoami) date: $(date)
echo user: $(whoami) date: $(date) >005.sh
cat 005.sh
git add 003.out 003.sh 004.out 004.sh
git commit -m
git commit -m "Adding exercises 3 and 4"
git push -u origin Paula\'s-branch
git status
git pull
git checkout
cd
cat ~/.history > ~/terminal_log/20210507.log
cat terminal_log
cat terminal_log/20210507.log
exit
cd KSchool-DS-DreamTeamGanador
cd
cp -i ~/terminal_log/20210429.log git/shell_class 
cp -i ~/terminal_log/20210430.log git/shell_class/terminal_log
cp -i ~/terminal_log/20210530.log git/shell_class/terminal_log
cp -i ~/terminal_log/20210507.log git/shell_class/terminal_log
cd ~/git/shell_class/terminal_log
ll
git status
git add
git add 20210429.log 20210430.log 20210507.log
git commit -m "adding last few days shell history"
git push -u origin main
git status
cd
cat ~/.history > ~/terminal_log/20210507.log
exit
cd ~/Intro_Python/algebra_students
jupyter notebook
cd
exit
cd ~/Intro_Python/algebra_students
jupyter notebook
cd
exit
cd Intro_Python/algebra_students
jupyter notebook
cd
exit
cd Intro_Python/algebra_students
jupyter notebok
jupyter notebook
cd
exit
cd Intro_Python
cd
cd Intro_Python/algebra_students
jupyter notebook
cd
exit
cd Intro_Python/algebra_students
jupyter notebook
cd
exit
cd Intro_Python/algebra_students/
jupyter notebook
exit
cd Intro_Python
jupyter notebook
exit
cd Intro_Python/
jupyter notebook
cd
exit
sudo adduser dsc vboxsf
exit
cd ~/Intro_Python/
jupyter notebook
cd
cd ~/git
jupyter notebook
cd
cd ~/Intro_Python
jupyter notebook
cd
cd
cd ~/git
git clone https://github.com/PaulaCervilla/Useful-Python-fuctions---Master-Data-Science.git
cd Useful-Python-fuctions---Master-Data-Science
cd ../
cp Useful\ Python\ fuctions\ -\ Master\ Data\ Science.ipynb Useful-Python-fuctions---Master-Data-Science
cd Useful-Python-fuctions---Master-Data-Science
git status
git add Useful\ Python\ fuctions\ -\ Master\ Data\ Science.ipynb
git push -u origin main
git commit 
git commit -u "Adding jupyter notebook"
git commit -m "Adding Jupyter Notebook"
git push -u origin main
cd ~/git/Useful-Python-fuctions---Master-Data-Science
juỳter notebook
jupyter notebook
cd
cd ~/Intro_Python
jupyter notebook
cd
cd
git status
git add
git add Useful\ Python\ fuctions\ -\ Master\ Data\ Science.ipynb
git commit -m "practising with git"
git push -u origin main
git status
cd
cat ~/.history>~/terminal_log/20210515.log
cp terminal_log/20210515.log ~/git/shell_class/terminal_log
cd ~/git/shell_class/terminal_log
git add 20210515.log
git commit -m "todays shell history"
git push -u main origin
git push -u origin main
cd
exit
exit
exit
cd ~/KSchool-DS-DreamTeamGanador
rm -rf 005.sh
echo nano
nano
bash 005.sh > 005.out
cat 005.sh
rm - rf 005.sh 005.out
nano
echo "$whoami" "$date" >> 005.sh
cat 005.sh
rm -rf 005.sh
nano
echo "$whoami" "$date" >> 005.sh
cat 005.sh
"whoami"
$"whoami"
"$whoami"
echo whoami date >>005.sh
cat 005.sh
whoami
echo whoami
echo $whoami
echo "$whoami"
echo $(whoami)
rm 005.sh
nano
cat 005.sh
rm 005.sh
nano
echo $(whoami) $(date) >> 005.sh
cat 005.sh
bash 005.sh > 005.out
rm 005.out
005.sh > 005.out
005.sh
bash 005.sh
$(whoami)
cat $(whoami)
rm 005.out 005.sh
nano
bash 005.sh > 005.out
cat 005.out
005.out
git statu
git status
git add 005.out 005.sh
git commit -m "finally exercise 5"
git push -u origin Paula\'s-branch
git status
cd
echo "anyone looking at my history log must think I am stupid, sorry... just learning\

cat ~/.history > ~/terminal_log/20210516.log
